c:\users\svequ\desktop\pbl 2\popbl2_9.taldea\pbl2_9. taldea\pbl2_9. taldea\debug\vc142.pdb
c:\users\svequ\desktop\pbl 2\popbl2_9.taldea\pbl2_9. taldea\pbl2_9. taldea\debug\vc142.idb
c:\users\svequ\desktop\pbl 2\popbl2_9.taldea\pbl2_9. taldea\pbl2_9. taldea\debug\mugimendua.obj
c:\users\svequ\desktop\pbl 2\popbl2_9.taldea\pbl2_9. taldea\pbl2_9. taldea\debug\menu.obj
c:\users\svequ\desktop\pbl 2\popbl2_9.taldea\pbl2_9. taldea\pbl2_9. taldea\debug\mapa.obj
c:\users\svequ\desktop\pbl 2\popbl2_9.taldea\pbl2_9. taldea\pbl2_9. taldea\debug\main.obj
c:\users\svequ\desktop\pbl 2\popbl2_9.taldea\pbl2_9. taldea\pbl2_9. taldea\debug\imagen.obj
c:\users\svequ\desktop\pbl 2\popbl2_9.taldea\pbl2_9. taldea\pbl2_9. taldea\debug\fitxategia_irakurri.obj
c:\users\svequ\desktop\pbl 2\popbl2_9.taldea\pbl2_9. taldea\pbl2_9. taldea\debug\fitxategian_idatzi.obj
c:\users\svequ\desktop\pbl 2\popbl2_9.taldea\pbl2_9. taldea\pbl2_9. taldea\debug\erabilgarriak.obj
c:\users\svequ\desktop\pbl 2\popbl2_9.taldea\pbl2_9. taldea\pbl2_9. taldea\debug\dijkstra.obj
c:\users\svequ\desktop\pbl 2\popbl2_9.taldea\pbl2_9. taldea\debug\pbl2_9. taldea.ilk
c:\users\svequ\desktop\pbl 2\popbl2_9.taldea\pbl2_9. taldea\debug\pbl2_9. taldea.exe
c:\users\svequ\desktop\pbl 2\popbl2_9.taldea\pbl2_9. taldea\debug\pbl2_9. taldea.pdb
c:\users\svequ\desktop\pbl 2\popbl2_9.taldea\pbl2_9. taldea\pbl2_9. taldea\debug\pbl2_9. taldea.tlog\cl.command.1.tlog
c:\users\svequ\desktop\pbl 2\popbl2_9.taldea\pbl2_9. taldea\pbl2_9. taldea\debug\pbl2_9. taldea.tlog\cl.read.1.tlog
c:\users\svequ\desktop\pbl 2\popbl2_9.taldea\pbl2_9. taldea\pbl2_9. taldea\debug\pbl2_9. taldea.tlog\cl.write.1.tlog
c:\users\svequ\desktop\pbl 2\popbl2_9.taldea\pbl2_9. taldea\pbl2_9. taldea\debug\pbl2_9. taldea.tlog\link.command.1.tlog
c:\users\svequ\desktop\pbl 2\popbl2_9.taldea\pbl2_9. taldea\pbl2_9. taldea\debug\pbl2_9. taldea.tlog\link.read.1.tlog
c:\users\svequ\desktop\pbl 2\popbl2_9.taldea\pbl2_9. taldea\pbl2_9. taldea\debug\pbl2_9. taldea.tlog\link.write.1.tlog
