c:\users\oierb\desktop\mugit-6e6da843a9d21d4f0c0e567183ee275f4e6ef631\aplikazio grafikoa\pbl2_9. taldea\debug\vc142.pdb
c:\users\oierb\desktop\mugit-6e6da843a9d21d4f0c0e567183ee275f4e6ef631\aplikazio grafikoa\pbl2_9. taldea\debug\vc142.idb
c:\users\oierb\desktop\mugit-6e6da843a9d21d4f0c0e567183ee275f4e6ef631\aplikazio grafikoa\pbl2_9. taldea\debug\mugimendua.obj
c:\users\oierb\desktop\mugit-6e6da843a9d21d4f0c0e567183ee275f4e6ef631\aplikazio grafikoa\pbl2_9. taldea\debug\menu.obj
c:\users\oierb\desktop\mugit-6e6da843a9d21d4f0c0e567183ee275f4e6ef631\aplikazio grafikoa\pbl2_9. taldea\debug\mapa.obj
c:\users\oierb\desktop\mugit-6e6da843a9d21d4f0c0e567183ee275f4e6ef631\aplikazio grafikoa\pbl2_9. taldea\debug\main.obj
c:\users\oierb\desktop\mugit-6e6da843a9d21d4f0c0e567183ee275f4e6ef631\aplikazio grafikoa\pbl2_9. taldea\debug\imagen.obj
c:\users\oierb\desktop\mugit-6e6da843a9d21d4f0c0e567183ee275f4e6ef631\aplikazio grafikoa\pbl2_9. taldea\debug\fitxategia_irakurri.obj
c:\users\oierb\desktop\mugit-6e6da843a9d21d4f0c0e567183ee275f4e6ef631\aplikazio grafikoa\pbl2_9. taldea\debug\fitxategian_idatzi.obj
c:\users\oierb\desktop\mugit-6e6da843a9d21d4f0c0e567183ee275f4e6ef631\aplikazio grafikoa\pbl2_9. taldea\debug\erabilgarriak.obj
c:\users\oierb\desktop\mugit-6e6da843a9d21d4f0c0e567183ee275f4e6ef631\aplikazio grafikoa\pbl2_9. taldea\debug\dijkstra.obj
c:\users\oierb\desktop\mugit-6e6da843a9d21d4f0c0e567183ee275f4e6ef631\aplikazio grafikoa\pbl2_9. taldea\debug\bitmap.obj
c:\users\oierb\desktop\mugit-6e6da843a9d21d4f0c0e567183ee275f4e6ef631\aplikazio grafikoa\debug\pbl2_9. taldea.ilk
c:\users\oierb\desktop\mugit-6e6da843a9d21d4f0c0e567183ee275f4e6ef631\aplikazio grafikoa\debug\pbl2_9. taldea.exe
c:\users\oierb\desktop\mugit-6e6da843a9d21d4f0c0e567183ee275f4e6ef631\aplikazio grafikoa\debug\pbl2_9. taldea.pdb
c:\users\oierb\desktop\mugit-6e6da843a9d21d4f0c0e567183ee275f4e6ef631\aplikazio grafikoa\pbl2_9. taldea\debug\pbl2_9. taldea.tlog\cl.command.1.tlog
c:\users\oierb\desktop\mugit-6e6da843a9d21d4f0c0e567183ee275f4e6ef631\aplikazio grafikoa\pbl2_9. taldea\debug\pbl2_9. taldea.tlog\cl.read.1.tlog
c:\users\oierb\desktop\mugit-6e6da843a9d21d4f0c0e567183ee275f4e6ef631\aplikazio grafikoa\pbl2_9. taldea\debug\pbl2_9. taldea.tlog\cl.write.1.tlog
c:\users\oierb\desktop\mugit-6e6da843a9d21d4f0c0e567183ee275f4e6ef631\aplikazio grafikoa\pbl2_9. taldea\debug\pbl2_9. taldea.tlog\link.command.1.tlog
c:\users\oierb\desktop\mugit-6e6da843a9d21d4f0c0e567183ee275f4e6ef631\aplikazio grafikoa\pbl2_9. taldea\debug\pbl2_9. taldea.tlog\link.read.1.tlog
c:\users\oierb\desktop\mugit-6e6da843a9d21d4f0c0e567183ee275f4e6ef631\aplikazio grafikoa\pbl2_9. taldea\debug\pbl2_9. taldea.tlog\link.write.1.tlog
